Self-Healing Started: Sat Jul 26 03:48:54 EDT 2025
[0;32m[2025-07-26 03:48:54][0m Starting self-healing process...
[0;32m[2025-07-26 03:48:54][0m Starting heal attempt 1/5
[0;32m[2025-07-26 03:48:54][0m Setting up environment...
[0;32m[2025-07-26 03:48:56][0m Fixing Python syntax errors...
[0;32m[2025-07-26 03:48:57][0m Fixing Rust syntax errors...
[0;32m[2025-07-26 03:48:57][0m Fixing configuration issues...
[0;32m[2025-07-26 03:48:57][0m Fixing import issues...
[0;32m[2025-07-26 03:48:57][0m Creating missing files...
[0;32m[2025-07-26 03:48:57][0m Optimizing performance...
[0;32m[2025-07-26 03:48:57][0m Validating system health...
[1;33m[WARN][0m Missing dependencies: websocket-client
[0;32m[2025-07-26 03:48:59][0m Running tests and validation...
[0;31m[ERROR][0m Rust code has errors
[0;31m[ERROR][0m Heal attempt 1 failed
[1;33m[WARN][0m Heal attempt 1 failed, retrying...
[0;32m[2025-07-26 03:49:14][0m Starting heal attempt 2/5
[0;32m[2025-07-26 03:49:14][0m Setting up environment...
[0;32m[2025-07-26 03:49:16][0m Fixing Python syntax errors...
[0;32m[2025-07-26 03:49:17][0m Fixing Rust syntax errors...
[0;32m[2025-07-26 03:49:17][0m Fixing configuration issues...
[0;32m[2025-07-26 03:49:17][0m Fixing import issues...
[0;32m[2025-07-26 03:49:17][0m Creating missing files...
[0;32m[2025-07-26 03:49:17][0m Optimizing performance...
[0;32m[2025-07-26 03:49:17][0m Validating system health...
[1;33m[WARN][0m Missing dependencies: websocket-client
[0;32m[2025-07-26 03:49:19][0m Running tests and validation...
[0;31m[ERROR][0m Rust code has errors
[0;31m[ERROR][0m Heal attempt 2 failed
[1;33m[WARN][0m Heal attempt 2 failed, retrying...
[0;32m[2025-07-26 03:49:23][0m Starting heal attempt 3/5
[0;32m[2025-07-26 03:49:23][0m Setting up environment...
[0;32m[2025-07-26 03:49:25][0m Fixing Python syntax errors...
[0;32m[2025-07-26 03:49:26][0m Fixing Rust syntax errors...
[0;32m[2025-07-26 03:49:26][0m Fixing configuration issues...
[0;32m[2025-07-26 03:49:26][0m Fixing import issues...
[0;32m[2025-07-26 03:49:26][0m Creating missing files...
[0;32m[2025-07-26 03:49:26][0m Optimizing performance...
[0;32m[2025-07-26 03:49:26][0m Validating system health...
[1;33m[WARN][0m Missing dependencies: websocket-client
[0;32m[2025-07-26 03:49:27][0m Running tests and validation...
[0;31m[ERROR][0m Rust code has errors
[0;31m[ERROR][0m Heal attempt 3 failed
[1;33m[WARN][0m Heal attempt 3 failed, retrying...
[0;32m[2025-07-26 03:49:31][0m Starting heal attempt 4/5
[0;32m[2025-07-26 03:49:31][0m Setting up environment...
[0;32m[2025-07-26 03:49:33][0m Fixing Python syntax errors...
[0;32m[2025-07-26 03:49:34][0m Fixing Rust syntax errors...
[0;32m[2025-07-26 03:49:34][0m Fixing configuration issues...
[0;32m[2025-07-26 03:49:34][0m Fixing import issues...
[0;32m[2025-07-26 03:49:34][0m Creating missing files...
[0;32m[2025-07-26 03:49:34][0m Optimizing performance...
[0;32m[2025-07-26 03:49:34][0m Validating system health...
[1;33m[WARN][0m Missing dependencies: websocket-client
[0;32m[2025-07-26 03:49:36][0m Running tests and validation...
[0;31m[ERROR][0m Rust code has errors
[0;31m[ERROR][0m Heal attempt 4 failed
[1;33m[WARN][0m Heal attempt 4 failed, retrying...
[0;32m[2025-07-26 03:49:39][0m Starting heal attempt 5/5
[0;32m[2025-07-26 03:49:39][0m Setting up environment...
[0;32m[2025-07-26 03:49:41][0m Fixing Python syntax errors...
[0;32m[2025-07-26 03:49:42][0m Fixing Rust syntax errors...
[0;32m[2025-07-26 03:49:42][0m Fixing configuration issues...
[0;32m[2025-07-26 03:49:42][0m Fixing import issues...
[0;32m[2025-07-26 03:49:42][0m Creating missing files...
[0;32m[2025-07-26 03:49:42][0m Optimizing performance...
[0;32m[2025-07-26 03:49:42][0m Validating system health...
[1;33m[WARN][0m Missing dependencies: websocket-client
[0;32m[2025-07-26 03:49:44][0m Running tests and validation...
[0;31m[ERROR][0m Rust code has errors
[0;31m[ERROR][0m Heal attempt 5 failed
[0;31m[ERROR][0m Maximum heal attempts (5) reached
[0;31m[ERROR][0m Maximum heal attempts (5) reached
[0;31m[ERROR][0m Self-healing failed after 5 attempts
