2025-07-25 18:31:33,303 [INFO] Starting HFT system in dry mode
2025-07-25 18:32:13,999 [INFO] Starting HFT system in dry mode
2025-07-25 18:36:21,063 [INFO] System shutdown
2025-07-25 18:38:46,789 [INFO] Starting HFT system in dry mode
2025-07-25 18:40:29,619 [INFO] System shutdown
2025-07-25 19:57:00,818 [INFO] Starting HFT system in dry mode
2025-07-25 19:57:01,041 [INFO] Signal generated: 0.363
2025-07-25 19:57:01,162 [ERROR] Discord webhook failed: 405 - {"message": "405: Method Not Allowed", "code": 0}
2025-07-25 19:57:01,172 [INFO] Signal logged to CSV: Unknown @ 0.00 (confidence: 0.363)
2025-07-25 19:57:01,914 [INFO] Signal generated: 0.363
2025-07-25 19:57:02,037 [ERROR] Discord webhook failed: 405 - {"message": "405: Method Not Allowed", "code": 0}
2025-07-25 19:57:02,047 [INFO] Signal logged to CSV: Unknown @ 0.00 (confidence: 0.363)
2025-07-25 19:57:02,999 [INFO] Signal generated: 0.270
2025-07-25 19:57:03,171 [ERROR] Discord webhook failed: 405 - {"message": "405: Method Not Allowed", "code": 0}
2025-07-25 19:57:03,175 [INFO] Signal logged to CSV: Unknown @ 0.00 (confidence: 0.270)
2025-07-25 19:57:03,925 [INFO] Signal generated: 0.363
2025-07-25 19:57:04,036 [ERROR] Discord webhook failed: 405 - {"message": "405: Method Not Allowed", "code": 0}
2025-07-25 19:57:04,040 [INFO] Signal logged to CSV: Unknown @ 0.00 (confidence: 0.363)
2025-07-25 19:57:04,936 [INFO] Signal generated: 0.270
2025-07-25 19:57:05,050 [ERROR] Discord webhook failed: 405 - {"message": "405: Method Not Allowed", "code": 0}
2025-07-25 19:57:05,071 [INFO] Signal logged to CSV: Unknown @ 0.00 (confidence: 0.270)
2025-07-25 19:57:05,938 [INFO] Signal generated: 0.270
2025-07-25 19:57:06,080 [ERROR] Discord webhook failed: 405 - {"message": "405: Method Not Allowed", "code": 0}
2025-07-25 19:57:06,085 [INFO] Signal logged to CSV: Unknown @ 0.00 (confidence: 0.270)
2025-07-25 19:57:06,947 [INFO] Signal generated: 0.270
2025-07-25 19:57:07,079 [ERROR] Discord webhook failed: 405 - {"message": "405: Method Not Allowed", "code": 0}
2025-07-25 19:57:07,085 [INFO] Signal logged to CSV: Unknown @ 0.00 (confidence: 0.270)
2025-07-25 19:57:08,016 [INFO] Signal generated: 0.363
2025-07-25 19:57:08,132 [ERROR] Discord webhook failed: 405 - {"message": "405: Method Not Allowed", "code": 0}
2025-07-25 19:57:08,139 [INFO] Signal logged to CSV: Unknown @ 0.00 (confidence: 0.363)
2025-07-25 19:57:09,094 [INFO] Signal generated: 0.363
2025-07-25 19:57:09,214 [ERROR] Discord webhook failed: 405 - {"message": "405: Method Not Allowed", "code": 0}
2025-07-25 19:57:09,219 [INFO] Signal logged to CSV: Unknown @ 0.00 (confidence: 0.363)
2025-07-25 19:57:10,028 [INFO] Signal generated: 0.363
2025-07-25 19:57:10,161 [ERROR] Discord webhook failed: 405 - {"message": "405: Method Not Allowed", "code": 0}
2025-07-25 19:57:10,168 [INFO] Signal logged to CSV: Unknown @ 0.00 (confidence: 0.363)
2025-07-25 19:57:11,025 [INFO] Signal generated: 0.363
2025-07-25 19:57:11,145 [ERROR] Discord webhook failed: 405 - {"message": "405: Method Not Allowed", "code": 0}
2025-07-25 19:57:11,152 [INFO] Signal logged to CSV: Unknown @ 0.00 (confidence: 0.363)
2025-07-25 19:57:12,127 [INFO] Signal generated: 0.363
2025-07-25 19:57:12,251 [ERROR] Discord webhook failed: 405 - {"message": "405: Method Not Allowed", "code": 0}
2025-07-25 19:57:12,255 [INFO] Signal logged to CSV: Unknown @ 0.00 (confidence: 0.363)
2025-07-25 19:57:13,033 [INFO] Signal generated: 0.363
2025-07-25 19:57:13,143 [ERROR] Discord webhook failed: 405 - {"message": "405: Method Not Allowed", "code": 0}
2025-07-25 19:57:13,148 [INFO] Signal logged to CSV: Unknown @ 0.00 (confidence: 0.363)
2025-07-25 19:57:13,964 [INFO] Signal generated: 0.363
2025-07-25 19:57:14,104 [ERROR] Discord webhook failed: 405 - {"message": "405: Method Not Allowed", "code": 0}
2025-07-25 19:57:14,109 [INFO] Signal logged to CSV: Unknown @ 0.00 (confidence: 0.363)
2025-07-25 19:57:15,111 [INFO] Signal generated: 0.363
2025-07-25 19:57:15,231 [ERROR] Discord webhook failed: 405 - {"message": "405: Method Not Allowed", "code": 0}
2025-07-25 19:57:15,236 [INFO] Signal logged to CSV: Unknown @ 0.00 (confidence: 0.363)
2025-07-25 19:57:16,083 [INFO] Signal generated: 0.362
2025-07-25 19:57:16,198 [ERROR] Discord webhook failed: 405 - {"message": "405: Method Not Allowed", "code": 0}
2025-07-25 19:57:16,203 [INFO] Signal logged to CSV: Unknown @ 0.00 (confidence: 0.362)
2025-07-25 19:57:16,974 [INFO] Signal generated: 0.362
2025-07-25 19:57:17,080 [ERROR] Discord webhook failed: 405 - {"message": "405: Method Not Allowed", "code": 0}
2025-07-25 19:57:17,084 [INFO] Signal logged to CSV: Unknown @ 0.00 (confidence: 0.362)
2025-07-25 19:57:17,973 [INFO] Signal generated: 0.363
2025-07-25 19:57:18,093 [ERROR] Discord webhook failed: 405 - {"message": "405: Method Not Allowed", "code": 0}
2025-07-25 19:57:18,097 [INFO] Signal logged to CSV: Unknown @ 0.00 (confidence: 0.363)
2025-07-25 19:57:19,104 [INFO] Signal generated: 0.362
2025-07-25 19:57:19,224 [ERROR] Discord webhook failed: 405 - {"message": "405: Method Not Allowed", "code": 0}
2025-07-25 19:57:19,230 [INFO] Signal logged to CSV: Unknown @ 0.00 (confidence: 0.362)
2025-07-25 19:57:19,975 [INFO] Signal generated: 0.362
2025-07-25 19:57:20,089 [ERROR] Discord webhook failed: 405 - {"message": "405: Method Not Allowed", "code": 0}
2025-07-25 19:57:20,094 [INFO] Signal logged to CSV: Unknown @ 0.00 (confidence: 0.362)
2025-07-25 19:57:20,982 [INFO] Signal generated: 0.362
2025-07-25 19:57:21,092 [ERROR] Discord webhook failed: 405 - {"message": "405: Method Not Allowed", "code": 0}
2025-07-25 19:57:21,097 [INFO] Signal logged to CSV: Unknown @ 0.00 (confidence: 0.362)
2025-07-25 19:57:22,066 [INFO] Signal generated: 0.270
2025-07-25 19:57:22,173 [ERROR] Discord webhook failed: 405 - {"message": "405: Method Not Allowed", "code": 0}
2025-07-25 19:57:22,176 [INFO] Signal logged to CSV: Unknown @ 0.00 (confidence: 0.270)
2025-07-25 19:57:22,995 [INFO] Signal generated: 0.270
2025-07-25 19:57:23,123 [ERROR] Discord webhook failed: 405 - {"message": "405: Method Not Allowed", "code": 0}
2025-07-25 19:57:23,128 [INFO] Signal logged to CSV: Unknown @ 0.00 (confidence: 0.270)
2025-07-25 19:57:24,002 [INFO] Signal generated: 0.270
2025-07-25 19:57:24,105 [ERROR] Discord webhook failed: 405 - {"message": "405: Method Not Allowed", "code": 0}
2025-07-25 19:57:24,107 [INFO] Signal logged to CSV: Unknown @ 0.00 (confidence: 0.270)
2025-07-25 19:57:25,012 [INFO] Signal generated: 0.270
2025-07-25 19:57:25,112 [ERROR] Discord webhook failed: 405 - {"message": "405: Method Not Allowed", "code": 0}
2025-07-25 19:57:25,114 [INFO] Signal logged to CSV: Unknown @ 0.00 (confidence: 0.270)
2025-07-25 19:57:26,007 [INFO] Signal generated: 0.270
2025-07-25 19:57:26,110 [ERROR] Discord webhook failed: 405 - {"message": "405: Method Not Allowed", "code": 0}
2025-07-25 19:57:26,124 [INFO] Signal logged to CSV: Unknown @ 0.00 (confidence: 0.270)
2025-07-25 19:57:27,011 [INFO] Signal generated: 0.270
2025-07-25 19:57:27,132 [ERROR] Discord webhook failed: 405 - {"message": "405: Method Not Allowed", "code": 0}
2025-07-25 19:57:27,138 [INFO] Signal logged to CSV: Unknown @ 0.00 (confidence: 0.270)
2025-07-25 19:57:28,171 [INFO] Signal generated: 0.270
2025-07-25 19:57:28,286 [ERROR] Discord webhook failed: 405 - {"message": "405: Method Not Allowed", "code": 0}
2025-07-25 19:57:28,288 [INFO] Signal logged to CSV: Unknown @ 0.00 (confidence: 0.270)
2025-07-25 19:57:29,111 [INFO] Signal generated: 0.362
2025-07-25 19:57:29,226 [ERROR] Discord webhook failed: 405 - {"message": "405: Method Not Allowed", "code": 0}
2025-07-25 19:57:29,228 [INFO] Signal logged to CSV: Unknown @ 0.00 (confidence: 0.362)
2025-07-25 19:57:30,048 [INFO] Signal generated: 0.362
2025-07-25 19:57:30,176 [ERROR] Discord webhook failed: 405 - {"message": "405: Method Not Allowed", "code": 0}
2025-07-25 19:57:30,183 [INFO] Signal logged to CSV: Unknown @ 0.00 (confidence: 0.362)
2025-07-25 19:57:31,177 [INFO] Signal generated: 0.362
2025-07-25 19:57:31,288 [ERROR] Discord webhook failed: 405 - {"message": "405: Method Not Allowed", "code": 0}
2025-07-25 19:57:31,295 [INFO] Signal logged to CSV: Unknown @ 0.00 (confidence: 0.362)
2025-07-25 19:57:32,110 [INFO] Signal generated: 0.270
2025-07-25 19:57:32,232 [ERROR] Discord webhook failed: 405 - {"message": "405: Method Not Allowed", "code": 0}
2025-07-25 19:57:32,239 [INFO] Signal logged to CSV: Unknown @ 0.00 (confidence: 0.270)
2025-07-25 19:57:33,057 [INFO] Signal generated: 0.362
2025-07-25 19:57:33,178 [ERROR] Discord webhook failed: 405 - {"message": "405: Method Not Allowed", "code": 0}
2025-07-25 19:57:33,184 [INFO] Signal logged to CSV: Unknown @ 0.00 (confidence: 0.362)
2025-07-25 19:57:34,061 [INFO] Signal generated: 0.362
2025-07-25 19:57:34,212 [ERROR] Discord webhook failed: 405 - {"message": "405: Method Not Allowed", "code": 0}
2025-07-25 19:57:34,219 [INFO] Signal logged to CSV: Unknown @ 0.00 (confidence: 0.362)
2025-07-25 19:57:35,139 [INFO] Signal generated: 0.270
2025-07-25 19:57:35,263 [ERROR] Discord webhook failed: 405 - {"message": "405: Method Not Allowed", "code": 0}
2025-07-25 19:57:35,266 [INFO] Signal logged to CSV: Unknown @ 0.00 (confidence: 0.270)
2025-07-25 19:57:36,201 [INFO] Signal generated: 0.270
2025-07-25 19:57:36,333 [ERROR] Discord webhook failed: 405 - {"message": "405: Method Not Allowed", "code": 0}
2025-07-25 19:57:36,337 [INFO] Signal logged to CSV: Unknown @ 0.00 (confidence: 0.270)
2025-07-25 19:57:37,056 [INFO] Signal generated: 0.270
2025-07-25 19:57:37,175 [ERROR] Discord webhook failed: 405 - {"message": "405: Method Not Allowed", "code": 0}
2025-07-25 19:57:37,180 [INFO] Signal logged to CSV: Unknown @ 0.00 (confidence: 0.270)
2025-07-25 19:57:38,054 [INFO] Signal generated: 0.270
2025-07-25 19:57:38,180 [ERROR] Discord webhook failed: 405 - {"message": "405: Method Not Allowed", "code": 0}
2025-07-25 19:57:38,185 [INFO] Signal logged to CSV: Unknown @ 0.00 (confidence: 0.270)
2025-07-25 19:57:39,103 [INFO] Signal generated: 0.270
2025-07-25 19:57:39,226 [ERROR] Discord webhook failed: 405 - {"message": "405: Method Not Allowed", "code": 0}
2025-07-25 19:57:39,231 [INFO] Signal logged to CSV: Unknown @ 0.00 (confidence: 0.270)
2025-07-25 19:57:40,059 [INFO] Signal generated: 0.270
2025-07-25 19:57:40,172 [ERROR] Discord webhook failed: 405 - {"message": "405: Method Not Allowed", "code": 0}
2025-07-25 19:57:40,176 [INFO] Signal logged to CSV: Unknown @ 0.00 (confidence: 0.270)
2025-07-25 19:57:41,134 [INFO] Signal generated: 0.270
2025-07-25 19:57:41,250 [ERROR] Discord webhook failed: 405 - {"message": "405: Method Not Allowed", "code": 0}
2025-07-25 19:57:41,255 [INFO] Signal logged to CSV: Unknown @ 0.00 (confidence: 0.270)
2025-07-25 19:57:42,156 [INFO] Signal generated: 0.270
2025-07-25 19:57:42,265 [ERROR] Discord webhook failed: 405 - {"message": "405: Method Not Allowed", "code": 0}
2025-07-25 19:57:42,270 [INFO] Signal logged to CSV: Unknown @ 0.00 (confidence: 0.270)
2025-07-25 19:57:43,068 [INFO] Signal generated: 0.270
2025-07-25 19:57:43,191 [ERROR] Discord webhook failed: 405 - {"message": "405: Method Not Allowed", "code": 0}
2025-07-25 19:57:43,196 [INFO] Signal logged to CSV: Unknown @ 0.00 (confidence: 0.270)
2025-07-25 19:57:44,281 [INFO] Signal generated: 0.362
2025-07-25 19:57:44,432 [ERROR] Discord webhook failed: 405 - {"message": "405: Method Not Allowed", "code": 0}
2025-07-25 19:57:44,437 [INFO] Signal logged to CSV: Unknown @ 0.00 (confidence: 0.362)
2025-07-25 19:57:45,085 [INFO] Signal generated: 0.270
2025-07-25 19:57:45,204 [ERROR] Discord webhook failed: 405 - {"message": "405: Method Not Allowed", "code": 0}
2025-07-25 19:57:45,208 [INFO] Signal logged to CSV: Unknown @ 0.00 (confidence: 0.270)
2025-07-25 19:57:46,133 [INFO] Signal generated: 0.362
2025-07-25 19:57:46,247 [ERROR] Discord webhook failed: 405 - {"message": "405: Method Not Allowed", "code": 0}
2025-07-25 19:57:46,252 [INFO] Signal logged to CSV: Unknown @ 0.00 (confidence: 0.362)
2025-07-25 19:57:47,103 [INFO] Signal generated: 0.270
2025-07-25 19:57:47,223 [ERROR] Discord webhook failed: 405 - {"message": "405: Method Not Allowed", "code": 0}
2025-07-25 19:57:47,226 [INFO] Signal logged to CSV: Unknown @ 0.00 (confidence: 0.270)
2025-07-25 19:57:48,200 [INFO] Signal generated: 0.270
2025-07-25 19:57:48,329 [ERROR] Discord webhook failed: 405 - {"message": "405: Method Not Allowed", "code": 0}
2025-07-25 19:57:48,336 [INFO] Signal logged to CSV: Unknown @ 0.00 (confidence: 0.270)
2025-07-25 19:57:49,112 [INFO] Signal generated: 0.270
2025-07-25 19:57:49,220 [ERROR] Discord webhook failed: 405 - {"message": "405: Method Not Allowed", "code": 0}
2025-07-25 19:57:49,224 [INFO] Signal logged to CSV: Unknown @ 0.00 (confidence: 0.270)
2025-07-25 19:57:50,211 [INFO] Signal generated: 0.270
2025-07-25 19:57:50,334 [ERROR] Discord webhook failed: 405 - {"message": "405: Method Not Allowed", "code": 0}
2025-07-25 19:57:50,340 [INFO] Signal logged to CSV: Unknown @ 0.00 (confidence: 0.270)
2025-07-25 19:57:51,239 [INFO] Signal generated: 0.363
2025-07-25 19:57:51,369 [ERROR] Discord webhook failed: 405 - {"message": "405: Method Not Allowed", "code": 0}
2025-07-25 19:57:51,376 [INFO] Signal logged to CSV: Unknown @ 0.00 (confidence: 0.363)
2025-07-25 19:57:52,121 [INFO] Signal generated: 0.270
2025-07-25 19:57:52,252 [ERROR] Discord webhook failed: 405 - {"message": "405: Method Not Allowed", "code": 0}
2025-07-25 19:57:52,259 [INFO] Signal logged to CSV: Unknown @ 0.00 (confidence: 0.270)
2025-07-25 19:57:53,151 [INFO] Signal generated: 0.363
2025-07-25 19:57:53,259 [ERROR] Discord webhook failed: 405 - {"message": "405: Method Not Allowed", "code": 0}
2025-07-25 19:57:53,264 [INFO] Signal logged to CSV: Unknown @ 0.00 (confidence: 0.363)
2025-07-25 19:57:54,140 [INFO] Signal generated: 0.363
2025-07-25 19:57:54,258 [ERROR] Discord webhook failed: 405 - {"message": "405: Method Not Allowed", "code": 0}
2025-07-25 19:57:54,262 [INFO] Signal logged to CSV: Unknown @ 0.00 (confidence: 0.363)
2025-07-25 19:57:55,158 [INFO] Signal generated: 0.363
2025-07-25 19:57:55,281 [ERROR] Discord webhook failed: 405 - {"message": "405: Method Not Allowed", "code": 0}
2025-07-25 19:57:55,288 [INFO] Signal logged to CSV: Unknown @ 0.00 (confidence: 0.363)
2025-07-25 19:57:56,262 [INFO] Signal generated: 0.363
2025-07-25 19:57:56,378 [ERROR] Discord webhook failed: 405 - {"message": "405: Method Not Allowed", "code": 0}
2025-07-25 19:57:56,381 [INFO] Signal logged to CSV: Unknown @ 0.00 (confidence: 0.363)
2025-07-25 19:57:57,138 [INFO] Signal generated: 0.363
2025-07-25 19:57:57,256 [ERROR] Discord webhook failed: 405 - {"message": "405: Method Not Allowed", "code": 0}
2025-07-25 19:57:57,260 [INFO] Signal logged to CSV: Unknown @ 0.00 (confidence: 0.363)
2025-07-25 19:57:58,127 [INFO] Signal generated: 0.363
2025-07-25 19:57:58,241 [ERROR] Discord webhook failed: 405 - {"message": "405: Method Not Allowed", "code": 0}
2025-07-25 19:57:58,245 [INFO] Signal logged to CSV: Unknown @ 0.00 (confidence: 0.363)
2025-07-25 19:57:59,322 [INFO] Signal generated: 0.363
2025-07-25 19:57:59,424 [ERROR] Discord webhook failed: 405 - {"message": "405: Method Not Allowed", "code": 0}
2025-07-25 19:57:59,427 [INFO] Signal logged to CSV: Unknown @ 0.00 (confidence: 0.363)
2025-07-25 19:58:00,298 [INFO] Signal generated: 0.270
2025-07-25 19:58:00,425 [ERROR] Discord webhook failed: 405 - {"message": "405: Method Not Allowed", "code": 0}
2025-07-25 19:58:00,429 [INFO] Signal logged to CSV: Unknown @ 0.00 (confidence: 0.270)
2025-07-25 19:58:01,066 [INFO] Modules reloaded
2025-07-25 19:58:01,204 [INFO] Signal generated: 0.363
2025-07-25 19:58:01,336 [ERROR] Discord webhook failed: 405 - {"message": "405: Method Not Allowed", "code": 0}
2025-07-25 19:58:01,344 [INFO] Signal logged to CSV: Unknown @ 0.00 (confidence: 0.363)
2025-07-25 19:58:01,369 [INFO] System shutdown
2025-07-25 19:58:21,767 [INFO] Starting HFT system in dry mode
2025-07-25 19:58:22,012 [INFO] Signal generated: 0.363
2025-07-25 19:58:22,148 [ERROR] Discord webhook failed: 405 - {"message": "405: Method Not Allowed", "code": 0}
2025-07-25 19:58:22,165 [INFO] Signal logged to CSV: Unknown @ 0.00 (confidence: 0.363)
2025-07-25 19:58:22,900 [INFO] Signal generated: 0.363
2025-07-25 19:58:23,056 [ERROR] Discord webhook failed: 405 - {"message": "405: Method Not Allowed", "code": 0}
2025-07-25 19:58:23,065 [INFO] Signal logged to CSV: Unknown @ 0.00 (confidence: 0.363)
2025-07-25 19:58:24,034 [INFO] Signal generated: 0.363
2025-07-25 19:58:24,160 [ERROR] Discord webhook failed: 405 - {"message": "405: Method Not Allowed", "code": 0}
2025-07-25 19:58:24,165 [INFO] Signal logged to CSV: Unknown @ 0.00 (confidence: 0.363)
2025-07-25 19:58:24,898 [INFO] Signal generated: 0.363
2025-07-25 19:58:25,032 [ERROR] Discord webhook failed: 405 - {"message": "405: Method Not Allowed", "code": 0}
2025-07-25 19:58:25,038 [INFO] Signal logged to CSV: Unknown @ 0.00 (confidence: 0.363)
2025-07-25 19:58:25,965 [INFO] Signal generated: 0.363
2025-07-25 19:58:26,080 [ERROR] Discord webhook failed: 405 - {"message": "405: Method Not Allowed", "code": 0}
2025-07-25 19:58:26,085 [INFO] Signal logged to CSV: Unknown @ 0.00 (confidence: 0.363)
2025-07-25 19:58:26,918 [INFO] Signal generated: 0.363
2025-07-25 19:58:27,696 [ERROR] Discord webhook failed: 405 - {"message": "405: Method Not Allowed", "code": 0}
2025-07-25 19:58:27,699 [INFO] Signal logged to CSV: Unknown @ 0.00 (confidence: 0.363)
2025-07-25 19:58:27,913 [INFO] Signal generated: 0.363
2025-07-25 19:58:28,038 [ERROR] Discord webhook failed: 405 - {"message": "405: Method Not Allowed", "code": 0}
2025-07-25 19:58:28,044 [INFO] Signal logged to CSV: Unknown @ 0.00 (confidence: 0.363)
2025-07-25 19:58:28,914 [INFO] Signal generated: 0.363
2025-07-25 19:58:29,052 [ERROR] Discord webhook failed: 405 - {"message": "405: Method Not Allowed", "code": 0}
2025-07-25 19:58:29,058 [INFO] Signal logged to CSV: Unknown @ 0.00 (confidence: 0.363)
2025-07-25 19:58:29,887 [INFO] Signal generated: 0.363
2025-07-25 19:58:30,006 [ERROR] Discord webhook failed: 405 - {"message": "405: Method Not Allowed", "code": 0}
2025-07-25 19:58:30,012 [INFO] Signal logged to CSV: Unknown @ 0.00 (confidence: 0.363)
2025-07-25 19:58:31,005 [INFO] Signal generated: 0.270
2025-07-25 19:58:31,129 [ERROR] Discord webhook failed: 405 - {"message": "405: Method Not Allowed", "code": 0}
2025-07-25 19:58:31,136 [INFO] Signal logged to CSV: Unknown @ 0.00 (confidence: 0.270)
2025-07-25 19:58:31,911 [INFO] Signal generated: 0.270
2025-07-25 19:58:32,051 [ERROR] Discord webhook failed: 405 - {"message": "405: Method Not Allowed", "code": 0}
2025-07-25 19:58:32,057 [INFO] Signal logged to CSV: Unknown @ 0.00 (confidence: 0.270)
2025-07-25 19:58:33,226 [INFO] Signal generated: 0.363
2025-07-25 19:58:33,356 [ERROR] Discord webhook failed: 405 - {"message": "405: Method Not Allowed", "code": 0}
2025-07-25 19:58:33,363 [INFO] Signal logged to CSV: Unknown @ 0.00 (confidence: 0.363)
2025-07-25 19:58:33,946 [INFO] Signal generated: 0.363
2025-07-25 19:58:34,070 [ERROR] Discord webhook failed: 405 - {"message": "405: Method Not Allowed", "code": 0}
2025-07-25 19:58:34,077 [INFO] Signal logged to CSV: Unknown @ 0.00 (confidence: 0.363)
2025-07-25 19:58:34,939 [INFO] Signal generated: 0.363
2025-07-25 19:58:35,065 [ERROR] Discord webhook failed: 405 - {"message": "405: Method Not Allowed", "code": 0}
2025-07-25 19:58:35,074 [INFO] Signal logged to CSV: Unknown @ 0.00 (confidence: 0.363)
2025-07-25 19:58:36,081 [INFO] Signal generated: 0.362
2025-07-25 19:58:36,185 [ERROR] Discord webhook failed: 405 - {"message": "405: Method Not Allowed", "code": 0}
2025-07-25 19:58:36,190 [INFO] Signal logged to CSV: Unknown @ 0.00 (confidence: 0.362)
2025-07-25 19:58:36,931 [INFO] Signal generated: 0.270
2025-07-25 19:58:37,078 [ERROR] Discord webhook failed: 405 - {"message": "405: Method Not Allowed", "code": 0}
2025-07-25 19:58:37,084 [INFO] Signal logged to CSV: Unknown @ 0.00 (confidence: 0.270)
2025-07-25 19:58:37,948 [INFO] Signal generated: 0.363
2025-07-25 19:58:38,078 [ERROR] Discord webhook failed: 405 - {"message": "405: Method Not Allowed", "code": 0}
2025-07-25 19:58:38,085 [INFO] Signal logged to CSV: Unknown @ 0.00 (confidence: 0.363)
2025-07-25 19:58:38,963 [INFO] Signal generated: 0.363
2025-07-25 19:58:39,073 [ERROR] Discord webhook failed: 405 - {"message": "405: Method Not Allowed", "code": 0}
2025-07-25 19:58:39,081 [INFO] Signal logged to CSV: Unknown @ 0.00 (confidence: 0.363)
2025-07-25 19:58:39,929 [INFO] Signal generated: 0.362
2025-07-25 19:58:40,045 [ERROR] Discord webhook failed: 405 - {"message": "405: Method Not Allowed", "code": 0}
2025-07-25 19:58:40,049 [INFO] Signal logged to CSV: Unknown @ 0.00 (confidence: 0.362)
2025-07-25 19:58:40,936 [INFO] Signal generated: 0.362
2025-07-25 19:58:41,052 [ERROR] Discord webhook failed: 405 - {"message": "405: Method Not Allowed", "code": 0}
2025-07-25 19:58:41,058 [INFO] Signal logged to CSV: Unknown @ 0.00 (confidence: 0.362)
2025-07-25 19:58:42,213 [INFO] Signal generated: 0.363
2025-07-25 19:58:42,441 [ERROR] Discord webhook failed: 405 - {"message": "405: Method Not Allowed", "code": 0}
2025-07-25 19:58:42,446 [INFO] Signal logged to CSV: Unknown @ 0.00 (confidence: 0.363)
2025-07-25 19:58:42,981 [INFO] Signal generated: 0.363
2025-07-25 19:58:43,116 [ERROR] Discord webhook failed: 405 - {"message": "405: Method Not Allowed", "code": 0}
2025-07-25 19:58:43,124 [INFO] Signal logged to CSV: Unknown @ 0.00 (confidence: 0.363)
2025-07-25 19:58:44,048 [INFO] Signal generated: 0.270
2025-07-25 19:58:44,186 [ERROR] Discord webhook failed: 405 - {"message": "405: Method Not Allowed", "code": 0}
2025-07-25 19:58:44,192 [INFO] Signal logged to CSV: Unknown @ 0.00 (confidence: 0.270)
2025-07-25 19:58:44,962 [INFO] Signal generated: 0.270
2025-07-25 19:58:45,078 [ERROR] Discord webhook failed: 405 - {"message": "405: Method Not Allowed", "code": 0}
2025-07-25 19:58:45,083 [INFO] Signal logged to CSV: Unknown @ 0.00 (confidence: 0.270)
2025-07-25 19:58:45,959 [INFO] Signal generated: 0.270
2025-07-25 19:58:46,086 [ERROR] Discord webhook failed: 405 - {"message": "405: Method Not Allowed", "code": 0}
2025-07-25 19:58:46,094 [INFO] Signal logged to CSV: Unknown @ 0.00 (confidence: 0.270)
2025-07-25 19:58:46,974 [INFO] Signal generated: 0.270
2025-07-25 19:58:47,124 [ERROR] Discord webhook failed: 405 - {"message": "405: Method Not Allowed", "code": 0}
2025-07-25 19:58:47,131 [INFO] Signal logged to CSV: Unknown @ 0.00 (confidence: 0.270)
2025-07-25 19:58:48,059 [INFO] Signal generated: 0.363
2025-07-25 19:58:48,179 [ERROR] Discord webhook failed: 405 - {"message": "405: Method Not Allowed", "code": 0}
2025-07-25 19:58:48,185 [INFO] Signal logged to CSV: Unknown @ 0.00 (confidence: 0.363)
2025-07-25 19:58:48,992 [INFO] Signal generated: 0.270
2025-07-25 19:58:49,110 [ERROR] Discord webhook failed: 405 - {"message": "405: Method Not Allowed", "code": 0}
2025-07-25 19:58:49,114 [INFO] Signal logged to CSV: Unknown @ 0.00 (confidence: 0.270)
2025-07-25 19:58:49,969 [INFO] Signal generated: 0.363
2025-07-25 19:58:50,090 [ERROR] Discord webhook failed: 405 - {"message": "405: Method Not Allowed", "code": 0}
2025-07-25 19:58:50,094 [INFO] Signal logged to CSV: Unknown @ 0.00 (confidence: 0.363)
2025-07-25 19:58:51,247 [INFO] Signal generated: 0.362
2025-07-25 19:58:51,380 [ERROR] Discord webhook failed: 405 - {"message": "405: Method Not Allowed", "code": 0}
2025-07-25 19:58:51,384 [INFO] Signal logged to CSV: Unknown @ 0.00 (confidence: 0.362)
2025-07-25 19:58:51,982 [INFO] Signal generated: 0.362
2025-07-25 19:58:52,092 [ERROR] Discord webhook failed: 405 - {"message": "405: Method Not Allowed", "code": 0}
2025-07-25 19:58:52,096 [INFO] Signal logged to CSV: Unknown @ 0.00 (confidence: 0.362)
2025-07-25 19:58:53,007 [INFO] Signal generated: 0.362
2025-07-25 19:58:53,125 [ERROR] Discord webhook failed: 405 - {"message": "405: Method Not Allowed", "code": 0}
2025-07-25 19:58:53,129 [INFO] Signal logged to CSV: Unknown @ 0.00 (confidence: 0.362)
2025-07-25 19:58:54,156 [INFO] Signal generated: 0.270
2025-07-25 19:58:54,260 [ERROR] Discord webhook failed: 405 - {"message": "405: Method Not Allowed", "code": 0}
2025-07-25 19:58:54,267 [INFO] Signal logged to CSV: Unknown @ 0.00 (confidence: 0.270)
2025-07-25 19:58:55,005 [INFO] Signal generated: 0.362
2025-07-25 19:58:55,124 [ERROR] Discord webhook failed: 405 - {"message": "405: Method Not Allowed", "code": 0}
2025-07-25 19:58:55,129 [INFO] Signal logged to CSV: Unknown @ 0.00 (confidence: 0.362)
2025-07-25 19:58:56,005 [INFO] Signal generated: 0.270
2025-07-25 19:58:56,122 [ERROR] Discord webhook failed: 405 - {"message": "405: Method Not Allowed", "code": 0}
2025-07-25 19:58:56,132 [INFO] Signal logged to CSV: Unknown @ 0.00 (confidence: 0.270)
2025-07-25 19:58:57,120 [INFO] Signal generated: 0.363
2025-07-25 19:58:57,244 [ERROR] Discord webhook failed: 405 - {"message": "405: Method Not Allowed", "code": 0}
2025-07-25 19:58:57,249 [INFO] Signal logged to CSV: Unknown @ 0.00 (confidence: 0.363)
2025-07-25 19:58:58,020 [INFO] Signal generated: 0.363
2025-07-25 19:58:58,136 [ERROR] Discord webhook failed: 405 - {"message": "405: Method Not Allowed", "code": 0}
2025-07-25 19:58:58,143 [INFO] Signal logged to CSV: Unknown @ 0.00 (confidence: 0.363)
2025-07-25 19:58:59,013 [INFO] Signal generated: 0.363
2025-07-25 19:58:59,147 [ERROR] Discord webhook failed: 405 - {"message": "405: Method Not Allowed", "code": 0}
2025-07-25 19:58:59,155 [INFO] Signal logged to CSV: Unknown @ 0.00 (confidence: 0.363)
2025-07-25 19:59:00,261 [INFO] Signal generated: 0.270
2025-07-25 19:59:00,377 [ERROR] Discord webhook failed: 405 - {"message": "405: Method Not Allowed", "code": 0}
2025-07-25 19:59:00,382 [INFO] Signal logged to CSV: Unknown @ 0.00 (confidence: 0.270)
2025-07-25 19:59:01,023 [INFO] Signal generated: 0.363
2025-07-25 19:59:01,147 [ERROR] Discord webhook failed: 405 - {"message": "405: Method Not Allowed", "code": 0}
2025-07-25 19:59:01,153 [INFO] Signal logged to CSV: Unknown @ 0.00 (confidence: 0.363)
2025-07-25 19:59:02,074 [INFO] Signal generated: 0.363
2025-07-25 19:59:02,188 [ERROR] Discord webhook failed: 405 - {"message": "405: Method Not Allowed", "code": 0}
2025-07-25 19:59:02,194 [INFO] Signal logged to CSV: Unknown @ 0.00 (confidence: 0.363)
2025-07-25 19:59:03,205 [INFO] Signal generated: 0.363
2025-07-25 19:59:03,320 [ERROR] Discord webhook failed: 405 - {"message": "405: Method Not Allowed", "code": 0}
2025-07-25 19:59:03,327 [INFO] Signal logged to CSV: Unknown @ 0.00 (confidence: 0.363)
2025-07-25 19:59:04,041 [INFO] Signal generated: 0.363
2025-07-25 19:59:04,153 [ERROR] Discord webhook failed: 405 - {"message": "405: Method Not Allowed", "code": 0}
2025-07-25 19:59:04,160 [INFO] Signal logged to CSV: Unknown @ 0.00 (confidence: 0.363)
2025-07-25 19:59:05,033 [INFO] Signal generated: 0.270
2025-07-25 19:59:05,153 [ERROR] Discord webhook failed: 405 - {"message": "405: Method Not Allowed", "code": 0}
2025-07-25 19:59:05,158 [INFO] Signal logged to CSV: Unknown @ 0.00 (confidence: 0.270)
2025-07-25 19:59:06,046 [INFO] Signal generated: 0.363
2025-07-25 19:59:06,172 [ERROR] Discord webhook failed: 405 - {"message": "405: Method Not Allowed", "code": 0}
2025-07-25 19:59:06,180 [INFO] Signal logged to CSV: Unknown @ 0.00 (confidence: 0.363)
2025-07-25 19:59:07,139 [INFO] Signal generated: 0.270
2025-07-25 19:59:07,290 [ERROR] Discord webhook failed: 405 - {"message": "405: Method Not Allowed", "code": 0}
2025-07-25 19:59:07,296 [INFO] Signal logged to CSV: Unknown @ 0.00 (confidence: 0.270)
2025-07-25 19:59:08,076 [INFO] Signal generated: 0.363
2025-07-25 19:59:08,197 [ERROR] Discord webhook failed: 405 - {"message": "405: Method Not Allowed", "code": 0}
2025-07-25 19:59:08,202 [INFO] Signal logged to CSV: Unknown @ 0.00 (confidence: 0.363)
2025-07-25 19:59:09,080 [INFO] Signal generated: 0.270
2025-07-25 19:59:09,200 [ERROR] Discord webhook failed: 405 - {"message": "405: Method Not Allowed", "code": 0}
2025-07-25 19:59:09,205 [INFO] Signal logged to CSV: Unknown @ 0.00 (confidence: 0.270)
2025-07-25 19:59:10,183 [INFO] Signal generated: 0.270
2025-07-25 19:59:10,302 [ERROR] Discord webhook failed: 405 - {"message": "405: Method Not Allowed", "code": 0}
2025-07-25 19:59:10,305 [INFO] Signal logged to CSV: Unknown @ 0.00 (confidence: 0.270)
2025-07-25 19:59:11,126 [INFO] Signal generated: 0.270
2025-07-25 19:59:11,251 [ERROR] Discord webhook failed: 405 - {"message": "405: Method Not Allowed", "code": 0}
2025-07-25 19:59:11,259 [INFO] Signal logged to CSV: Unknown @ 0.00 (confidence: 0.270)
2025-07-25 19:59:12,068 [INFO] Signal generated: 0.270
2025-07-25 19:59:12,195 [ERROR] Discord webhook failed: 405 - {"message": "405: Method Not Allowed", "code": 0}
2025-07-25 19:59:12,198 [INFO] Signal logged to CSV: Unknown @ 0.00 (confidence: 0.270)
2025-07-25 19:59:13,078 [INFO] Signal generated: 0.270
2025-07-25 19:59:13,200 [ERROR] Discord webhook failed: 405 - {"message": "405: Method Not Allowed", "code": 0}
2025-07-25 19:59:13,208 [INFO] Signal logged to CSV: Unknown @ 0.00 (confidence: 0.270)
2025-07-25 19:59:14,079 [INFO] Signal generated: 0.270
2025-07-25 19:59:14,203 [ERROR] Discord webhook failed: 405 - {"message": "405: Method Not Allowed", "code": 0}
2025-07-25 19:59:14,209 [INFO] Signal logged to CSV: Unknown @ 0.00 (confidence: 0.270)
2025-07-25 19:59:15,173 [INFO] Signal generated: 0.363
2025-07-25 19:59:15,294 [ERROR] Discord webhook failed: 405 - {"message": "405: Method Not Allowed", "code": 0}
2025-07-25 19:59:15,297 [INFO] Signal logged to CSV: Unknown @ 0.00 (confidence: 0.363)
2025-07-25 19:59:15,691 [INFO] System shutdown
2025-07-25 19:59:18,344 [INFO] Starting HFT system in dry mode
2025-07-25 19:59:18,445 [INFO] Signal generated: 0.363
2025-07-25 19:59:18,564 [ERROR] Discord webhook failed: 405 - {"message": "405: Method Not Allowed", "code": 0}
2025-07-25 19:59:18,573 [INFO] Signal logged to CSV: Unknown @ 0.00 (confidence: 0.363)
2025-07-25 19:59:19,441 [INFO] Signal generated: 0.363
2025-07-25 19:59:19,582 [ERROR] Discord webhook failed: 405 - {"message": "405: Method Not Allowed", "code": 0}
2025-07-25 19:59:19,589 [INFO] Signal logged to CSV: Unknown @ 0.00 (confidence: 0.363)
2025-07-25 19:59:20,553 [INFO] Signal generated: 0.270
2025-07-25 19:59:20,704 [ERROR] Discord webhook failed: 405 - {"message": "405: Method Not Allowed", "code": 0}
2025-07-25 19:59:20,712 [INFO] Signal logged to CSV: Unknown @ 0.00 (confidence: 0.270)
2025-07-25 19:59:21,459 [INFO] Signal generated: 0.270
2025-07-25 19:59:21,571 [ERROR] Discord webhook failed: 405 - {"message": "405: Method Not Allowed", "code": 0}
2025-07-25 19:59:21,578 [INFO] Signal logged to CSV: Unknown @ 0.00 (confidence: 0.270)
2025-07-25 19:59:22,461 [INFO] Signal generated: 0.270
2025-07-25 19:59:22,577 [ERROR] Discord webhook failed: 405 - {"message": "405: Method Not Allowed", "code": 0}
2025-07-25 19:59:22,584 [INFO] Signal logged to CSV: Unknown @ 0.00 (confidence: 0.270)
2025-07-25 19:59:23,468 [INFO] Signal generated: 0.270
2025-07-25 19:59:23,582 [ERROR] Discord webhook failed: 405 - {"message": "405: Method Not Allowed", "code": 0}
2025-07-25 19:59:23,589 [INFO] Signal logged to CSV: Unknown @ 0.00 (confidence: 0.270)
2025-07-25 19:59:24,479 [INFO] Signal generated: 0.270
2025-07-25 19:59:24,599 [ERROR] Discord webhook failed: 405 - {"message": "405: Method Not Allowed", "code": 0}
2025-07-25 19:59:24,607 [INFO] Signal logged to CSV: Unknown @ 0.00 (confidence: 0.270)
2025-07-25 19:59:25,476 [INFO] Signal generated: 0.270
2025-07-25 19:59:25,589 [ERROR] Discord webhook failed: 405 - {"message": "405: Method Not Allowed", "code": 0}
2025-07-25 19:59:25,595 [INFO] Signal logged to CSV: Unknown @ 0.00 (confidence: 0.270)
2025-07-25 19:59:26,591 [INFO] Signal generated: 0.363
2025-07-25 19:59:26,707 [ERROR] Discord webhook failed: 405 - {"message": "405: Method Not Allowed", "code": 0}
2025-07-25 19:59:26,715 [INFO] Signal logged to CSV: Unknown @ 0.00 (confidence: 0.363)
2025-07-25 19:59:27,487 [INFO] Signal generated: 0.363
2025-07-25 19:59:27,601 [ERROR] Discord webhook failed: 405 - {"message": "405: Method Not Allowed", "code": 0}
2025-07-25 19:59:27,607 [INFO] Signal logged to CSV: Unknown @ 0.00 (confidence: 0.363)
2025-07-25 19:59:28,497 [INFO] Signal generated: 0.363
2025-07-25 19:59:28,627 [ERROR] Discord webhook failed: 405 - {"message": "405: Method Not Allowed", "code": 0}
2025-07-25 19:59:28,634 [INFO] Signal logged to CSV: Unknown @ 0.00 (confidence: 0.363)
2025-07-25 19:59:29,500 [INFO] Signal generated: 0.363
2025-07-25 19:59:29,627 [ERROR] Discord webhook failed: 405 - {"message": "405: Method Not Allowed", "code": 0}
2025-07-25 19:59:29,633 [INFO] Signal logged to CSV: Unknown @ 0.00 (confidence: 0.363)
2025-07-25 19:59:30,499 [INFO] Signal generated: 0.363
2025-07-25 19:59:30,621 [ERROR] Discord webhook failed: 405 - {"message": "405: Method Not Allowed", "code": 0}
2025-07-25 19:59:30,625 [INFO] Signal logged to CSV: Unknown @ 0.00 (confidence: 0.363)
2025-07-25 19:59:31,510 [INFO] Signal generated: 0.363
2025-07-25 19:59:31,623 [ERROR] Discord webhook failed: 405 - {"message": "405: Method Not Allowed", "code": 0}
2025-07-25 19:59:31,631 [INFO] Signal logged to CSV: Unknown @ 0.00 (confidence: 0.363)
2025-07-25 19:59:32,604 [INFO] Signal generated: 0.270
2025-07-25 19:59:32,726 [ERROR] Discord webhook failed: 405 - {"message": "405: Method Not Allowed", "code": 0}
2025-07-25 19:59:32,733 [INFO] Signal logged to CSV: Unknown @ 0.00 (confidence: 0.270)
2025-07-25 19:59:33,517 [INFO] Signal generated: 0.270
2025-07-25 19:59:33,630 [ERROR] Discord webhook failed: 405 - {"message": "405: Method Not Allowed", "code": 0}
2025-07-25 19:59:33,637 [INFO] Signal logged to CSV: Unknown @ 0.00 (confidence: 0.270)
2025-07-25 19:59:34,607 [INFO] Signal generated: 0.363
2025-07-25 19:59:34,725 [ERROR] Discord webhook failed: 405 - {"message": "405: Method Not Allowed", "code": 0}
2025-07-25 19:59:34,732 [INFO] Signal logged to CSV: Unknown @ 0.00 (confidence: 0.363)
2025-07-25 19:59:35,524 [INFO] Signal generated: 0.363
2025-07-25 19:59:35,641 [ERROR] Discord webhook failed: 405 - {"message": "405: Method Not Allowed", "code": 0}
2025-07-25 19:59:35,645 [INFO] Signal logged to CSV: Unknown @ 0.00 (confidence: 0.363)
2025-07-25 19:59:36,259 [INFO] System shutdown
