🚀 GPU Ready: apple_mps on mps
✅ GPU acceleration confirmed: apple_mps
🚀 Starting HFT system in dry mode
🎯 GPU: apple_mps
2025-07-26 02:00:51,723 [INFO] Starting HFT system in dry mode with apple_mps GPU
✅ Signal: 0.750 (GPU: apple_mps)
2025-07-26 02:00:52,224 [INFO] Signal generated: 0.750
2025-07-26 02:00:52,228 [INFO] Signal logged to CSV: BTC @ 67500.00 (confidence: 0.750)
✅ Signal: 0.750 (GPU: apple_mps)
2025-07-26 02:00:52,319 [INFO] Signal generated: 0.750
2025-07-26 02:00:52,322 [INFO] Signal logged to CSV: BTC @ 67500.00 (confidence: 0.750)
✅ Signal: 0.750 (GPU: apple_mps)
2025-07-26 02:00:52,423 [INFO] Signal generated: 0.750
2025-07-26 02:00:52,426 [INFO] Signal logged to CSV: BTC @ 67500.00 (confidence: 0.750)
✅ Signal: 0.750 (GPU: apple_mps)
2025-07-26 02:00:52,517 [INFO] Signal generated: 0.750
2025-07-26 02:00:52,520 [INFO] Signal logged to CSV: BTC @ 67500.00 (confidence: 0.750)
✅ Signal: 0.750 (GPU: apple_mps)
2025-07-26 02:00:52,609 [INFO] Signal generated: 0.750
2025-07-26 02:00:52,612 [INFO] Signal logged to CSV: BTC @ 67500.00 (confidence: 0.750)
✅ Signal: 0.750 (GPU: apple_mps)
2025-07-26 02:00:52,701 [INFO] Signal generated: 0.750
2025-07-26 02:00:52,704 [INFO] Signal logged to CSV: BTC @ 67500.00 (confidence: 0.750)
✅ Signal: 0.750 (GPU: apple_mps)
2025-07-26 02:00:52,799 [INFO] Signal generated: 0.750
2025-07-26 02:00:52,802 [INFO] Signal logged to CSV: BTC @ 67500.00 (confidence: 0.750)
✅ Signal: 0.750 (GPU: apple_mps)
2025-07-26 02:00:52,888 [INFO] Signal generated: 0.750
2025-07-26 02:00:52,891 [INFO] Signal logged to CSV: BTC @ 67500.00 (confidence: 0.750)
✅ Signal: 0.750 (GPU: apple_mps)
2025-07-26 02:00:52,979 [INFO] Signal generated: 0.750
2025-07-26 02:00:52,982 [INFO] Signal logged to CSV: BTC @ 67500.00 (confidence: 0.750)
✅ Signal: 0.750 (GPU: apple_mps)
2025-07-26 02:00:53,066 [INFO] Signal generated: 0.750
2025-07-26 02:00:53,066 [ERROR] Signal logging error: No columns to parse from file
✅ Signal: 0.750 (GPU: apple_mps)
2025-07-26 02:00:53,189 [INFO] Signal generated: 0.750
2025-07-26 02:00:53,192 [INFO] Signal logged to CSV: BTC @ 67500.00 (confidence: 0.750)
✅ Signal: 0.750 (GPU: apple_mps)
2025-07-26 02:00:53,281 [INFO] Signal generated: 0.750
2025-07-26 02:00:53,284 [INFO] Signal logged to CSV: BTC @ 67500.00 (confidence: 0.750)
✅ Signal: 0.750 (GPU: apple_mps)
2025-07-26 02:00:53,370 [INFO] Signal generated: 0.750
2025-07-26 02:00:53,373 [INFO] Signal logged to CSV: BTC @ 67500.00 (confidence: 0.750)
✅ Signal: 0.750 (GPU: apple_mps)
2025-07-26 02:00:53,468 [INFO] Signal generated: 0.750
2025-07-26 02:00:53,471 [INFO] Signal logged to CSV: BTC @ 67500.00 (confidence: 0.750)
✅ Signal: 0.750 (GPU: apple_mps)
2025-07-26 02:00:53,575 [INFO] Signal generated: 0.750
2025-07-26 02:00:53,578 [INFO] Signal logged to CSV: BTC @ 67500.00 (confidence: 0.750)
✅ Signal: 0.750 (GPU: apple_mps)
2025-07-26 02:00:53,672 [INFO] Signal generated: 0.750
2025-07-26 02:00:53,675 [INFO] Signal logged to CSV: BTC @ 67500.00 (confidence: 0.750)
✅ Signal: 0.750 (GPU: apple_mps)
2025-07-26 02:00:53,755 [INFO] Signal generated: 0.750
2025-07-26 02:00:53,758 [INFO] Signal logged to CSV: BTC @ 67500.00 (confidence: 0.750)
✅ Signal: 0.750 (GPU: apple_mps)
2025-07-26 02:00:53,842 [INFO] Signal generated: 0.750
2025-07-26 02:00:53,844 [INFO] Signal logged to CSV: BTC @ 67500.00 (confidence: 0.750)
✅ Signal: 0.750 (GPU: apple_mps)
2025-07-26 02:00:53,932 [INFO] Signal generated: 0.750
2025-07-26 02:00:53,935 [INFO] Signal logged to CSV: BTC @ 67500.00 (confidence: 0.750)
✅ Signal: 0.750 (GPU: apple_mps)
2025-07-26 02:00:54,024 [INFO] Signal generated: 0.750
2025-07-26 02:00:54,027 [INFO] Signal logged to CSV: BTC @ 67500.00 (confidence: 0.750)
✅ Signal: 0.750 (GPU: apple_mps)
2025-07-26 02:00:54,117 [INFO] Signal generated: 0.750
2025-07-26 02:00:54,120 [INFO] Signal logged to CSV: BTC @ 67500.00 (confidence: 0.750)
✅ Signal: 0.750 (GPU: apple_mps)
2025-07-26 02:00:54,208 [INFO] Signal generated: 0.750
2025-07-26 02:00:54,211 [INFO] Signal logged to CSV: BTC @ 67500.00 (confidence: 0.750)
✅ Signal: 0.750 (GPU: apple_mps)
2025-07-26 02:00:54,314 [INFO] Signal generated: 0.750
2025-07-26 02:00:54,317 [INFO] Signal logged to CSV: BTC @ 67500.00 (confidence: 0.750)
✅ Signal: 0.750 (GPU: apple_mps)
2025-07-26 02:00:54,403 [INFO] Signal generated: 0.750
2025-07-26 02:00:54,406 [INFO] Signal logged to CSV: BTC @ 67500.00 (confidence: 0.750)
✅ Signal: 0.750 (GPU: apple_mps)
2025-07-26 02:00:54,499 [INFO] Signal generated: 0.750
2025-07-26 02:00:54,502 [INFO] Signal logged to CSV: BTC @ 67500.00 (confidence: 0.750)
✅ Signal: 0.750 (GPU: apple_mps)
2025-07-26 02:00:54,597 [INFO] Signal generated: 0.750
2025-07-26 02:00:54,600 [INFO] Signal logged to CSV: BTC @ 67500.00 (confidence: 0.750)
✅ Signal: 0.750 (GPU: apple_mps)
2025-07-26 02:00:54,689 [INFO] Signal generated: 0.750
2025-07-26 02:00:54,693 [INFO] Signal logged to CSV: BTC @ 67500.00 (confidence: 0.750)
✅ Signal: 0.750 (GPU: apple_mps)
2025-07-26 02:00:54,792 [INFO] Signal generated: 0.750
2025-07-26 02:00:54,795 [INFO] Signal logged to CSV: BTC @ 67500.00 (confidence: 0.750)
✅ Signal: 0.750 (GPU: apple_mps)
2025-07-26 02:00:54,888 [INFO] Signal generated: 0.750
2025-07-26 02:00:54,891 [INFO] Signal logged to CSV: BTC @ 67500.00 (confidence: 0.750)
✅ Signal: 0.750 (GPU: apple_mps)
2025-07-26 02:00:54,990 [INFO] Signal generated: 0.750
2025-07-26 02:00:54,993 [INFO] Signal logged to CSV: BTC @ 67500.00 (confidence: 0.750)
📊 Iteration 30 - System running on apple_mps GPU
✅ Signal: 0.750 (GPU: apple_mps)
2025-07-26 02:00:55,093 [INFO] Signal generated: 0.750
2025-07-26 02:00:55,097 [INFO] Signal logged to CSV: BTC @ 67500.00 (confidence: 0.750)
✅ Signal: 0.750 (GPU: apple_mps)
2025-07-26 02:00:55,193 [INFO] Signal generated: 0.750
2025-07-26 02:00:55,196 [INFO] Signal logged to CSV: BTC @ 67500.00 (confidence: 0.750)
✅ Signal: 0.750 (GPU: apple_mps)
2025-07-26 02:00:55,289 [INFO] Signal generated: 0.750
2025-07-26 02:00:55,293 [INFO] Signal logged to CSV: BTC @ 67500.00 (confidence: 0.750)
✅ Signal: 0.750 (GPU: apple_mps)
2025-07-26 02:00:55,393 [INFO] Signal generated: 0.750
2025-07-26 02:00:55,396 [INFO] Signal logged to CSV: BTC @ 67500.00 (confidence: 0.750)
✅ Signal: 0.750 (GPU: apple_mps)
2025-07-26 02:00:55,482 [INFO] Signal generated: 0.750
2025-07-26 02:00:55,485 [INFO] Signal logged to CSV: BTC @ 67500.00 (confidence: 0.750)
✅ Signal: 0.750 (GPU: apple_mps)
2025-07-26 02:00:55,569 [INFO] Signal generated: 0.750
2025-07-26 02:00:55,572 [INFO] Signal logged to CSV: BTC @ 67500.00 (confidence: 0.750)
✅ Signal: 0.750 (GPU: apple_mps)
2025-07-26 02:00:55,676 [INFO] Signal generated: 0.750
2025-07-26 02:00:55,679 [INFO] Signal logged to CSV: BTC @ 67500.00 (confidence: 0.750)
✅ Signal: 0.750 (GPU: apple_mps)
2025-07-26 02:00:55,775 [INFO] Signal generated: 0.750
2025-07-26 02:00:55,776 [ERROR] Signal logging error: No columns to parse from file
✅ Signal: 0.750 (GPU: apple_mps)
2025-07-26 02:00:55,870 [INFO] Signal generated: 0.750
2025-07-26 02:00:55,873 [INFO] Signal logged to CSV: BTC @ 67500.00 (confidence: 0.750)
✅ Signal: 0.750 (GPU: apple_mps)
2025-07-26 02:00:55,968 [INFO] Signal generated: 0.750
2025-07-26 02:00:55,971 [INFO] Signal logged to CSV: BTC @ 67500.00 (confidence: 0.750)
✅ Signal: 0.750 (GPU: apple_mps)
2025-07-26 02:00:56,075 [INFO] Signal generated: 0.750
2025-07-26 02:00:56,079 [INFO] Signal logged to CSV: BTC @ 67500.00 (confidence: 0.750)
✅ Signal: 0.750 (GPU: apple_mps)
2025-07-26 02:00:56,181 [INFO] Signal generated: 0.750
2025-07-26 02:00:56,181 [ERROR] Signal logging error: No columns to parse from file
✅ Signal: 0.750 (GPU: apple_mps)
2025-07-26 02:00:56,273 [INFO] Signal generated: 0.750
2025-07-26 02:00:56,277 [INFO] Signal logged to CSV: BTC @ 67500.00 (confidence: 0.750)
✅ Signal: 0.750 (GPU: apple_mps)
2025-07-26 02:00:56,365 [INFO] Signal generated: 0.750
2025-07-26 02:00:56,369 [INFO] Signal logged to CSV: BTC @ 67500.00 (confidence: 0.750)
✅ Signal: 0.750 (GPU: apple_mps)
2025-07-26 02:00:56,456 [INFO] Signal generated: 0.750
2025-07-26 02:00:56,459 [INFO] Signal logged to CSV: BTC @ 67500.00 (confidence: 0.750)
✅ Signal: 0.750 (GPU: apple_mps)
2025-07-26 02:00:56,550 [INFO] Signal generated: 0.750
2025-07-26 02:00:56,553 [INFO] Signal logged to CSV: BTC @ 67500.00 (confidence: 0.750)
✅ Signal: 0.750 (GPU: apple_mps)
2025-07-26 02:00:56,653 [INFO] Signal generated: 0.750
2025-07-26 02:00:56,656 [INFO] Signal logged to CSV: BTC @ 67500.00 (confidence: 0.750)
✅ Signal: 0.750 (GPU: apple_mps)
2025-07-26 02:00:56,735 [INFO] Signal generated: 0.750
2025-07-26 02:00:56,738 [INFO] Signal logged to CSV: BTC @ 67500.00 (confidence: 0.750)
✅ Signal: 0.750 (GPU: apple_mps)
2025-07-26 02:00:56,828 [INFO] Signal generated: 0.750
2025-07-26 02:00:56,831 [INFO] Signal logged to CSV: BTC @ 67500.00 (confidence: 0.750)
✅ Signal: 0.750 (GPU: apple_mps)
2025-07-26 02:00:56,915 [INFO] Signal generated: 0.750
2025-07-26 02:00:56,918 [INFO] Signal logged to CSV: BTC @ 67500.00 (confidence: 0.750)
✅ Signal: 0.750 (GPU: apple_mps)
2025-07-26 02:00:57,014 [INFO] Signal generated: 0.750
2025-07-26 02:00:57,017 [INFO] Signal logged to CSV: BTC @ 67500.00 (confidence: 0.750)
✅ Signal: 0.750 (GPU: apple_mps)
2025-07-26 02:00:57,108 [INFO] Signal generated: 0.750
2025-07-26 02:00:57,112 [INFO] Signal logged to CSV: BTC @ 67500.00 (confidence: 0.750)
✅ Signal: 0.750 (GPU: apple_mps)
2025-07-26 02:00:57,203 [INFO] Signal generated: 0.750
2025-07-26 02:00:57,207 [INFO] Signal logged to CSV: BTC @ 67500.00 (confidence: 0.750)
✅ Signal: 0.750 (GPU: apple_mps)
2025-07-26 02:00:57,293 [INFO] Signal generated: 0.750
2025-07-26 02:00:57,297 [INFO] Signal logged to CSV: BTC @ 67500.00 (confidence: 0.750)
✅ Signal: 0.750 (GPU: apple_mps)
2025-07-26 02:00:57,388 [INFO] Signal generated: 0.750
2025-07-26 02:00:57,391 [INFO] Signal logged to CSV: BTC @ 67500.00 (confidence: 0.750)
✅ Signal: 0.750 (GPU: apple_mps)
2025-07-26 02:00:57,484 [INFO] Signal generated: 0.750
2025-07-26 02:00:57,487 [INFO] Signal logged to CSV: BTC @ 67500.00 (confidence: 0.750)
✅ Signal: 0.750 (GPU: apple_mps)
2025-07-26 02:00:57,571 [INFO] Signal generated: 0.750
2025-07-26 02:00:57,574 [INFO] Signal logged to CSV: BTC @ 67500.00 (confidence: 0.750)
✅ Signal: 0.750 (GPU: apple_mps)
2025-07-26 02:00:57,663 [INFO] Signal generated: 0.750
2025-07-26 02:00:57,665 [INFO] Signal logged to CSV: BTC @ 67500.00 (confidence: 0.750)
2025-07-26 02:00:57,796 [INFO] CoinGecko BTC dominance: 59.3%
✅ Signal: 0.750 (GPU: apple_mps)
2025-07-26 02:00:57,799 [INFO] Signal generated: 0.750
2025-07-26 02:00:57,802 [INFO] Signal logged to CSV: BTC @ 67500.00 (confidence: 0.750)
2025-07-26 02:00:57,926 [INFO] CoinGecko BTC dominance: 59.3%
✅ Signal: 0.750 (GPU: apple_mps)
2025-07-26 02:00:57,929 [INFO] Signal generated: 0.750
2025-07-26 02:00:57,932 [INFO] Signal logged to CSV: BTC @ 67500.00 (confidence: 0.750)
📊 Iteration 60 - System running on apple_mps GPU
✅ Signal: 0.750 (GPU: apple_mps)
2025-07-26 02:00:58,028 [INFO] Signal generated: 0.750
2025-07-26 02:00:58,030 [INFO] Signal logged to CSV: BTC @ 67500.00 (confidence: 0.750)
✅ Signal: 0.750 (GPU: apple_mps)
2025-07-26 02:00:58,117 [INFO] Signal generated: 0.750
2025-07-26 02:00:58,119 [INFO] Signal logged to CSV: BTC @ 67500.00 (confidence: 0.750)
✅ Signal: 0.750 (GPU: apple_mps)
2025-07-26 02:00:58,204 [INFO] Signal generated: 0.750
2025-07-26 02:00:58,206 [INFO] Signal logged to CSV: BTC @ 67500.00 (confidence: 0.750)
✅ Signal: 0.750 (GPU: apple_mps)
2025-07-26 02:00:58,289 [INFO] Signal generated: 0.750
2025-07-26 02:00:58,291 [INFO] Signal logged to CSV: BTC @ 67500.00 (confidence: 0.750)
✅ Signal: 0.750 (GPU: apple_mps)
2025-07-26 02:00:58,377 [INFO] Signal generated: 0.750
2025-07-26 02:00:58,379 [INFO] Signal logged to CSV: BTC @ 67500.00 (confidence: 0.750)
✅ Signal: 0.750 (GPU: apple_mps)
2025-07-26 02:00:58,466 [INFO] Signal generated: 0.750
2025-07-26 02:00:58,469 [INFO] Signal logged to CSV: BTC @ 67500.00 (confidence: 0.750)
✅ Signal: 0.750 (GPU: apple_mps)
2025-07-26 02:00:58,572 [INFO] Signal generated: 0.750
2025-07-26 02:00:58,574 [INFO] Signal logged to CSV: BTC @ 67500.00 (confidence: 0.750)
✅ Signal: 0.750 (GPU: apple_mps)
2025-07-26 02:00:58,664 [INFO] Signal generated: 0.750
2025-07-26 02:00:58,666 [INFO] Signal logged to CSV: BTC @ 67500.00 (confidence: 0.750)
✅ Signal: 0.750 (GPU: apple_mps)
2025-07-26 02:00:58,753 [INFO] Signal generated: 0.750
2025-07-26 02:00:58,755 [INFO] Signal logged to CSV: BTC @ 67500.00 (confidence: 0.750)
✅ Signal: 0.750 (GPU: apple_mps)
2025-07-26 02:00:58,853 [INFO] Signal generated: 0.750
2025-07-26 02:00:58,855 [INFO] Signal logged to CSV: BTC @ 67500.00 (confidence: 0.750)
✅ Signal: 0.750 (GPU: apple_mps)
2025-07-26 02:00:58,958 [INFO] Signal generated: 0.750
2025-07-26 02:00:58,960 [INFO] Signal logged to CSV: BTC @ 67500.00 (confidence: 0.750)
✅ Signal: 0.750 (GPU: apple_mps)
2025-07-26 02:00:59,049 [INFO] Signal generated: 0.750
2025-07-26 02:00:59,051 [INFO] Signal logged to CSV: BTC @ 67500.00 (confidence: 0.750)
✅ Signal: 0.750 (GPU: apple_mps)
2025-07-26 02:00:59,136 [INFO] Signal generated: 0.750
2025-07-26 02:00:59,138 [INFO] Signal logged to CSV: BTC @ 67500.00 (confidence: 0.750)
✅ Signal: 0.750 (GPU: apple_mps)
2025-07-26 02:00:59,226 [INFO] Signal generated: 0.750
2025-07-26 02:00:59,227 [ERROR] Signal logging error: No columns to parse from file
✅ Signal: 0.750 (GPU: apple_mps)
2025-07-26 02:00:59,322 [INFO] Signal generated: 0.750
2025-07-26 02:00:59,324 [INFO] Signal logged to CSV: BTC @ 67500.00 (confidence: 0.750)
✅ Signal: 0.750 (GPU: apple_mps)
2025-07-26 02:00:59,419 [INFO] Signal generated: 0.750
2025-07-26 02:00:59,421 [INFO] Signal logged to CSV: BTC @ 67500.00 (confidence: 0.750)
✅ Signal: 0.750 (GPU: apple_mps)
2025-07-26 02:00:59,518 [INFO] Signal generated: 0.750
2025-07-26 02:00:59,521 [INFO] Signal logged to CSV: BTC @ 67500.00 (confidence: 0.750)
✅ Signal: 0.750 (GPU: apple_mps)
2025-07-26 02:00:59,612 [INFO] Signal generated: 0.750
2025-07-26 02:00:59,614 [INFO] Signal logged to CSV: BTC @ 67500.00 (confidence: 0.750)
✅ Signal: 0.750 (GPU: apple_mps)
2025-07-26 02:00:59,700 [INFO] Signal generated: 0.750
2025-07-26 02:00:59,702 [INFO] Signal logged to CSV: BTC @ 67500.00 (confidence: 0.750)
✅ Signal: 0.750 (GPU: apple_mps)
2025-07-26 02:00:59,791 [INFO] Signal generated: 0.750
2025-07-26 02:00:59,793 [INFO] Signal logged to CSV: BTC @ 67500.00 (confidence: 0.750)
✅ Signal: 0.750 (GPU: apple_mps)
2025-07-26 02:00:59,890 [INFO] Signal generated: 0.750
2025-07-26 02:00:59,893 [INFO] Signal logged to CSV: BTC @ 67500.00 (confidence: 0.750)
✅ Signal: 0.750 (GPU: apple_mps)
2025-07-26 02:00:59,973 [INFO] Signal generated: 0.750
2025-07-26 02:00:59,975 [INFO] Signal logged to CSV: BTC @ 67500.00 (confidence: 0.750)
✅ Signal: 0.750 (GPU: apple_mps)
2025-07-26 02:01:00,077 [INFO] Signal generated: 0.750
2025-07-26 02:01:00,079 [INFO] Signal logged to CSV: BTC @ 67500.00 (confidence: 0.750)
✅ Signal: 0.750 (GPU: apple_mps)
2025-07-26 02:01:00,170 [INFO] Signal generated: 0.750
2025-07-26 02:01:00,173 [INFO] Signal logged to CSV: BTC @ 67500.00 (confidence: 0.750)
✅ Signal: 0.750 (GPU: apple_mps)
2025-07-26 02:01:00,270 [INFO] Signal generated: 0.750
2025-07-26 02:01:00,272 [INFO] Signal logged to CSV: BTC @ 67500.00 (confidence: 0.750)
✅ Signal: 0.750 (GPU: apple_mps)
2025-07-26 02:01:00,360 [INFO] Signal generated: 0.750
2025-07-26 02:01:00,362 [INFO] Signal logged to CSV: BTC @ 67500.00 (confidence: 0.750)
✅ Signal: 0.750 (GPU: apple_mps)
2025-07-26 02:01:00,460 [INFO] Signal generated: 0.750
2025-07-26 02:01:00,465 [INFO] Signal logged to CSV: BTC @ 67500.00 (confidence: 0.750)
✅ Signal: 0.750 (GPU: apple_mps)
2025-07-26 02:01:00,555 [INFO] Signal generated: 0.750
2025-07-26 02:01:00,558 [INFO] Signal logged to CSV: BTC @ 67500.00 (confidence: 0.750)
✅ Signal: 0.750 (GPU: apple_mps)
2025-07-26 02:01:00,637 [INFO] Signal generated: 0.750
2025-07-26 02:01:00,639 [INFO] Signal logged to CSV: BTC @ 67500.00 (confidence: 0.750)
✅ Signal: 0.750 (GPU: apple_mps)
2025-07-26 02:01:00,728 [INFO] Signal generated: 0.750
2025-07-26 02:01:00,731 [INFO] Signal logged to CSV: BTC @ 67500.00 (confidence: 0.750)
📊 Iteration 90 - System running on apple_mps GPU
✅ Signal: 0.750 (GPU: apple_mps)
2025-07-26 02:01:00,819 [INFO] Signal generated: 0.750
2025-07-26 02:01:00,821 [INFO] Signal logged to CSV: BTC @ 67500.00 (confidence: 0.750)
✅ Signal: 0.750 (GPU: apple_mps)
2025-07-26 02:01:00,912 [INFO] Signal generated: 0.750
2025-07-26 02:01:00,914 [INFO] Signal logged to CSV: BTC @ 67500.00 (confidence: 0.750)
✅ Signal: 0.750 (GPU: apple_mps)
2025-07-26 02:01:01,006 [INFO] Signal generated: 0.750
2025-07-26 02:01:01,009 [INFO] Signal logged to CSV: BTC @ 67500.00 (confidence: 0.750)
✅ Signal: 0.750 (GPU: apple_mps)
2025-07-26 02:01:01,102 [INFO] Signal generated: 0.750
2025-07-26 02:01:01,104 [INFO] Signal logged to CSV: BTC @ 67500.00 (confidence: 0.750)
✅ Signal: 0.750 (GPU: apple_mps)
2025-07-26 02:01:01,194 [INFO] Signal generated: 0.750
2025-07-26 02:01:01,197 [INFO] Signal logged to CSV: BTC @ 67500.00 (confidence: 0.750)
✅ Signal: 0.750 (GPU: apple_mps)
2025-07-26 02:01:01,288 [INFO] Signal generated: 0.750
2025-07-26 02:01:01,290 [INFO] Signal logged to CSV: BTC @ 67500.00 (confidence: 0.750)
✅ Signal: 0.750 (GPU: apple_mps)
2025-07-26 02:01:01,383 [INFO] Signal generated: 0.750
2025-07-26 02:01:01,386 [INFO] Signal logged to CSV: BTC @ 67500.00 (confidence: 0.750)
✅ Signal: 0.750 (GPU: apple_mps)
2025-07-26 02:01:01,472 [INFO] Signal generated: 0.750
2025-07-26 02:01:01,474 [INFO] Signal logged to CSV: BTC @ 67500.00 (confidence: 0.750)
✅ Signal: 0.750 (GPU: apple_mps)
2025-07-26 02:01:01,564 [INFO] Signal generated: 0.750
2025-07-26 02:01:01,567 [INFO] Signal logged to CSV: BTC @ 67500.00 (confidence: 0.750)
✅ Signal: 0.750 (GPU: apple_mps)
2025-07-26 02:01:01,663 [INFO] Signal generated: 0.750
2025-07-26 02:01:01,665 [INFO] Signal logged to CSV: BTC @ 67500.00 (confidence: 0.750)
✅ Signal: 0.750 (GPU: apple_mps)
2025-07-26 02:01:01,749 [INFO] Signal generated: 0.750
2025-07-26 02:01:01,751 [INFO] Signal logged to CSV: BTC @ 67500.00 (confidence: 0.750)
✅ Signal: 0.750 (GPU: apple_mps)
2025-07-26 02:01:01,840 [INFO] Signal generated: 0.750
2025-07-26 02:01:01,843 [INFO] Signal logged to CSV: BTC @ 67500.00 (confidence: 0.750)
✅ Signal: 0.750 (GPU: apple_mps)
2025-07-26 02:01:01,945 [INFO] Signal generated: 0.750
2025-07-26 02:01:01,947 [INFO] Signal logged to CSV: BTC @ 67500.00 (confidence: 0.750)
✅ Signal: 0.750 (GPU: apple_mps)
2025-07-26 02:01:02,028 [INFO] Signal generated: 0.750
2025-07-26 02:01:02,030 [INFO] Signal logged to CSV: BTC @ 67500.00 (confidence: 0.750)
✅ Signal: 0.750 (GPU: apple_mps)
2025-07-26 02:01:02,116 [INFO] Signal generated: 0.750
2025-07-26 02:01:02,119 [INFO] Signal logged to CSV: BTC @ 67500.00 (confidence: 0.750)
✅ Signal: 0.750 (GPU: apple_mps)
2025-07-26 02:01:02,215 [INFO] Signal generated: 0.750
2025-07-26 02:01:02,218 [INFO] Signal logged to CSV: BTC @ 67500.00 (confidence: 0.750)
✅ Signal: 0.750 (GPU: apple_mps)
2025-07-26 02:01:02,305 [INFO] Signal generated: 0.750
2025-07-26 02:01:02,307 [INFO] Signal logged to CSV: BTC @ 67500.00 (confidence: 0.750)
✅ Signal: 0.750 (GPU: apple_mps)
2025-07-26 02:01:02,388 [INFO] Signal generated: 0.750
2025-07-26 02:01:02,390 [INFO] Signal logged to CSV: BTC @ 67500.00 (confidence: 0.750)
✅ Signal: 0.750 (GPU: apple_mps)
2025-07-26 02:01:02,479 [INFO] Signal generated: 0.750
2025-07-26 02:01:02,481 [INFO] Signal logged to CSV: BTC @ 67500.00 (confidence: 0.750)
✅ Signal: 0.750 (GPU: apple_mps)
2025-07-26 02:01:02,573 [INFO] Signal generated: 0.750
2025-07-26 02:01:02,576 [INFO] Signal logged to CSV: BTC @ 67500.00 (confidence: 0.750)
✅ Signal: 0.750 (GPU: apple_mps)
2025-07-26 02:01:02,663 [INFO] Signal generated: 0.750
2025-07-26 02:01:02,666 [INFO] Signal logged to CSV: BTC @ 67500.00 (confidence: 0.750)
✅ Signal: 0.750 (GPU: apple_mps)
2025-07-26 02:01:02,756 [INFO] Signal generated: 0.750
2025-07-26 02:01:02,758 [INFO] Signal logged to CSV: BTC @ 67500.00 (confidence: 0.750)
✅ Signal: 0.750 (GPU: apple_mps)
2025-07-26 02:01:02,840 [INFO] Signal generated: 0.750
2025-07-26 02:01:02,843 [INFO] Signal logged to CSV: BTC @ 67500.00 (confidence: 0.750)
✅ Signal: 0.750 (GPU: apple_mps)
2025-07-26 02:01:02,930 [INFO] Signal generated: 0.750
2025-07-26 02:01:02,932 [INFO] Signal logged to CSV: BTC @ 67500.00 (confidence: 0.750)
✅ Signal: 0.750 (GPU: apple_mps)
2025-07-26 02:01:03,027 [INFO] Signal generated: 0.750
2025-07-26 02:01:03,030 [INFO] Signal logged to CSV: BTC @ 67500.00 (confidence: 0.750)
✅ Signal: 0.750 (GPU: apple_mps)
2025-07-26 02:01:03,122 [INFO] Signal generated: 0.750
2025-07-26 02:01:03,125 [INFO] Signal logged to CSV: BTC @ 67500.00 (confidence: 0.750)
✅ Signal: 0.750 (GPU: apple_mps)
2025-07-26 02:01:03,210 [INFO] Signal generated: 0.750
2025-07-26 02:01:03,213 [INFO] Signal logged to CSV: BTC @ 67500.00 (confidence: 0.750)
✅ Signal: 0.750 (GPU: apple_mps)
2025-07-26 02:01:03,303 [INFO] Signal generated: 0.750
2025-07-26 02:01:03,306 [INFO] Signal logged to CSV: BTC @ 67500.00 (confidence: 0.750)
✅ Signal: 0.750 (GPU: apple_mps)
2025-07-26 02:01:03,391 [INFO] Signal generated: 0.750
2025-07-26 02:01:03,394 [INFO] Signal logged to CSV: BTC @ 67500.00 (confidence: 0.750)
