2025-07-26 03:08:03,270 [INFO] System startup
2025-07-26 03:08:04,087 [INFO] Simple live engine started
2025-07-26 03:08:04,087 [INFO] Production signal generator initialized
2025-07-26 03:08:04,110 [INFO] Signal: 0.800
2025-07-26 03:08:05,096 [INFO] Signal: 0.800
2025-07-26 03:08:06,096 [INFO] Signal: 0.800
2025-07-26 03:08:07,102 [INFO] Signal: 0.800
2025-07-26 03:08:08,106 [INFO] Signal: 0.800
2025-07-26 03:08:09,112 [INFO] Signal: 0.800
2025-07-26 03:08:10,117 [INFO] Signal: 0.800
2025-07-26 03:08:11,119 [INFO] Signal: 0.800
2025-07-26 03:08:12,124 [INFO] Signal: 0.800
2025-07-26 03:08:13,128 [INFO] Signal: 0.800
2025-07-26 03:08:14,128 [INFO] Signal: 0.800
2025-07-26 03:08:15,133 [INFO] Signal: 0.800
2025-07-26 03:08:16,136 [INFO] Signal: 0.800
2025-07-26 03:08:17,140 [INFO] Signal: 0.800
2025-07-26 03:08:18,145 [INFO] Signal: 0.800
2025-07-26 03:08:19,146 [INFO] Signal: 0.800
2025-07-26 03:08:20,147 [INFO] Signal: 0.800
2025-07-26 03:08:21,152 [INFO] Signal: 0.800
2025-07-26 03:08:22,159 [INFO] Signal: 0.800
2025-07-26 03:08:23,159 [INFO] Signal: 0.800
2025-07-26 03:08:24,163 [INFO] Signal: 0.800
2025-07-26 03:08:25,167 [INFO] Signal: 0.800
2025-07-26 03:08:26,177 [INFO] Signal: 0.800
2025-07-26 03:08:27,174 [INFO] Signal: 0.800
2025-07-26 03:08:28,179 [INFO] Signal: 0.800
2025-07-26 03:08:29,182 [INFO] Signal: 0.800
2025-07-26 03:08:30,192 [INFO] Signal: 0.800
2025-07-26 03:08:31,194 [INFO] Signal: 0.800
2025-07-26 03:08:31,816 [INFO] System shutdown
